[0.025s] Invoking command in '/home/yusuf/ros2_project/build/control_systems': CMAKE_PREFIX_PATH=/opt/ros/humble /usr/bin/cmake --build /home/yusuf/ros2_project/build/control_systems -- -j8 -l8
[0.066s] -- Found ament_cmake: 1.3.10 (/opt/ros/humble/share/ament_cmake/cmake)
[0.336s] -- Found rclcpp: 16.0.10 (/opt/ros/humble/share/rclcpp/cmake)
[0.451s] -- Found rosidl_generator_c: 3.1.5 (/opt/ros/humble/share/rosidl_generator_c/cmake)
[0.459s] -- Found rosidl_adapter: 3.1.5 (/opt/ros/humble/share/rosidl_adapter/cmake)
[0.471s] -- Found rosidl_generator_cpp: 3.1.5 (/opt/ros/humble/share/rosidl_generator_cpp/cmake)
[0.490s] -- Using all available rosidl_typesupport_c: rosidl_typesupport_fastrtps_c;rosidl_typesupport_introspection_c
[0.507s] -- Using all available rosidl_typesupport_cpp: rosidl_typesupport_fastrtps_cpp;rosidl_typesupport_introspection_cpp
[0.566s] -- Found rmw_implementation_cmake: 6.1.2 (/opt/ros/humble/share/rmw_implementation_cmake/cmake)
[0.568s] -- Found rmw_fastrtps_cpp: 6.2.7 (/opt/ros/humble/share/rmw_fastrtps_cpp/cmake)
[0.712s] -- Using RMW implementation 'rmw_fastrtps_cpp' as default
[0.793s] -- Found geometry_msgs: 4.2.4 (/opt/ros/humble/share/geometry_msgs/cmake)
[0.809s] -- Found nav_msgs: 4.2.4 (/opt/ros/humble/share/nav_msgs/cmake)
[0.834s] -- Found tf2_ros: 0.25.7 (/opt/ros/humble/share/tf2_ros/cmake)
[0.970s] -- Found angles: 1.15.0 (/opt/ros/humble/share/angles/cmake)
[1.056s] -- Configuring done
[1.082s] -- Generating done
[1.084s] -- Build files have been written to: /home/yusuf/ros2_project/build/control_systems
[1.115s] [35m[1mConsolidate compiler generated dependencies of target goal_linear[0m
[1.115s] [35m[1mConsolidate compiler generated dependencies of target goal_planner[0m
[1.127s] [ 12%] [32mBuilding CXX object CMakeFiles/lqr_lib.dir/src/lqr_lib.cpp.o[0m
[1.141s] [ 37%] Built target goal_planner
[1.142s] [ 62%] Built target goal_linear
[1.147s] [01m[K/home/yusuf/ros2_project/src/control_systems/src/lqr_lib.cpp:1:10:[m[K [01;31m[Kfatal error: [m[Klqr_lib.hpp: No such file or directory
[1.147s]     1 | #include [01;31m[K"lqr_lib.hpp"[m[K
[1.147s]       |          [01;31m[K^~~~~~~~~~~~~[m[K
[1.147s] compilation terminated.
[1.148s] gmake[2]: *** [CMakeFiles/lqr_lib.dir/build.make:76: CMakeFiles/lqr_lib.dir/src/lqr_lib.cpp.o] Error 1
[1.148s] gmake[1]: *** [CMakeFiles/Makefile2:143: CMakeFiles/lqr_lib.dir/all] Error 2
[1.149s] gmake: *** [Makefile:146: all] Error 2
[1.152s] Invoked command in '/home/yusuf/ros2_project/build/control_systems' returned '2': CMAKE_PREFIX_PATH=/opt/ros/humble /usr/bin/cmake --build /home/yusuf/ros2_project/build/control_systems -- -j8 -l8
