[0.024s] Invoking command in '/home/yusuf/ros2_project/build/control_systems': CMAKE_PREFIX_PATH=/opt/ros/humble /usr/bin/cmake --build /home/yusuf/ros2_project/build/control_systems -- -j8 -l8
[0.061s] -- Found ament_cmake: 1.3.10 (/opt/ros/humble/share/ament_cmake/cmake)
[0.274s] -- Found rclcpp: 16.0.10 (/opt/ros/humble/share/rclcpp/cmake)
[0.335s] -- Found rosidl_generator_c: 3.1.5 (/opt/ros/humble/share/rosidl_generator_c/cmake)
[0.341s] -- Found rosidl_adapter: 3.1.5 (/opt/ros/humble/share/rosidl_adapter/cmake)
[0.352s] -- Found rosidl_generator_cpp: 3.1.5 (/opt/ros/humble/share/rosidl_generator_cpp/cmake)
[0.376s] -- Using all available rosidl_typesupport_c: rosidl_typesupport_fastrtps_c;rosidl_typesupport_introspection_c
[0.395s] -- Using all available rosidl_typesupport_cpp: rosidl_typesupport_fastrtps_cpp;rosidl_typesupport_introspection_cpp
[0.444s] -- Found rmw_implementation_cmake: 6.1.2 (/opt/ros/humble/share/rmw_implementation_cmake/cmake)
[0.445s] -- Found rmw_fastrtps_cpp: 6.2.7 (/opt/ros/humble/share/rmw_fastrtps_cpp/cmake)
[0.564s] -- Using RMW implementation 'rmw_fastrtps_cpp' as default
[0.626s] -- Found geometry_msgs: 4.2.4 (/opt/ros/humble/share/geometry_msgs/cmake)
[0.643s] -- Found nav_msgs: 4.2.4 (/opt/ros/humble/share/nav_msgs/cmake)
[0.661s] -- Found tf2_ros: 0.25.7 (/opt/ros/humble/share/tf2_ros/cmake)
[0.750s] -- Found angles: 1.15.0 (/opt/ros/humble/share/angles/cmake)
[0.823s] -- Configuring done
[0.851s] -- Generating done
[0.854s] -- Build files have been written to: /home/yusuf/ros2_project/build/control_systems
[0.886s] [35m[1mConsolidate compiler generated dependencies of target goal_linear[0m
[0.886s] [35m[1mConsolidate compiler generated dependencies of target goal_planner[0m
[0.899s] [ 12%] [32mBuilding CXX object CMakeFiles/lqr_lib.dir/src/lqr_lib.cpp.o[0m
[0.909s] [01m[K/home/yusuf/ros2_project/src/control_systems/src/lqr_lib.cpp:1:10:[m[K [01;31m[Kfatal error: [m[Klqr_lib.hpp: No such file or directory
[0.909s]     1 | #include [01;31m[K"lqr_lib.hpp"[m[K
[0.910s]       |          [01;31m[K^~~~~~~~~~~~~[m[K
[0.910s] compilation terminated.
[0.910s] gmake[2]: *** [CMakeFiles/lqr_lib.dir/build.make:76: CMakeFiles/lqr_lib.dir/src/lqr_lib.cpp.o] Error 1
[0.911s] gmake[1]: *** [CMakeFiles/Makefile2:143: CMakeFiles/lqr_lib.dir/all] Error 2
[0.911s] gmake[1]: *** Waiting for unfinished jobs....
[0.911s] [ 25%] [32mBuilding CXX object CMakeFiles/goal_planner.dir/src/goal_planner.cpp.o[0m
[0.912s] [ 37%] [32mBuilding CXX object CMakeFiles/goal_linear.dir/src/goal_linear.cpp.o[0m
[11.359s] [ 50%] [32m[1mLinking CXX executable goal_planner[0m
[11.468s] [ 62%] [32m[1mLinking CXX executable goal_linear[0m
[12.124s] [ 62%] Built target goal_planner
[12.221s] [ 62%] Built target goal_linear
[12.223s] gmake: *** [Makefile:146: all] Error 2
[12.226s] Invoked command in '/home/yusuf/ros2_project/build/control_systems' returned '2': CMAKE_PREFIX_PATH=/opt/ros/humble /usr/bin/cmake --build /home/yusuf/ros2_project/build/control_systems -- -j8 -l8
