[0.022s] Invoking command in '/home/yusuf/ros2_project/build/control_systems': CMAKE_PREFIX_PATH=/opt/ros/humble /usr/bin/cmake --build /home/yusuf/ros2_project/build/control_systems -- -j8 -l8
[0.060s] -- Found ament_cmake: 1.3.10 (/opt/ros/humble/share/ament_cmake/cmake)
[0.270s] -- Found rclcpp: 16.0.10 (/opt/ros/humble/share/rclcpp/cmake)
[0.339s] -- Found rosidl_generator_c: 3.1.5 (/opt/ros/humble/share/rosidl_generator_c/cmake)
[0.343s] -- Found rosidl_adapter: 3.1.5 (/opt/ros/humble/share/rosidl_adapter/cmake)
[0.352s] -- Found rosidl_generator_cpp: 3.1.5 (/opt/ros/humble/share/rosidl_generator_cpp/cmake)
[0.369s] -- Using all available rosidl_typesupport_c: rosidl_typesupport_fastrtps_c;rosidl_typesupport_introspection_c
[0.396s] -- Using all available rosidl_typesupport_cpp: rosidl_typesupport_fastrtps_cpp;rosidl_typesupport_introspection_cpp
[0.457s] -- Found rmw_implementation_cmake: 6.1.2 (/opt/ros/humble/share/rmw_implementation_cmake/cmake)
[0.459s] -- Found rmw_fastrtps_cpp: 6.2.7 (/opt/ros/humble/share/rmw_fastrtps_cpp/cmake)
[0.601s] -- Using RMW implementation 'rmw_fastrtps_cpp' as default
[0.660s] -- Found geometry_msgs: 4.2.4 (/opt/ros/humble/share/geometry_msgs/cmake)
[0.679s] -- Found nav_msgs: 4.2.4 (/opt/ros/humble/share/nav_msgs/cmake)
[0.697s] -- Found tf2_ros: 0.25.7 (/opt/ros/humble/share/tf2_ros/cmake)
[0.789s] -- Found angles: 1.15.0 (/opt/ros/humble/share/angles/cmake)
[0.867s] -- Configuring done
[0.889s] -- Generating done
[0.892s] -- Build files have been written to: /home/yusuf/ros2_project/build/control_systems
[0.925s] [35m[1mConsolidate compiler generated dependencies of target goal_planner[0m
[0.925s] [35m[1mConsolidate compiler generated dependencies of target goal_linear[0m
[0.942s] [ 12%] [32mBuilding CXX object CMakeFiles/lqr_lib.dir/src/lqr_lib.cpp.o[0m
[0.951s] [ 37%] Built target goal_planner
[0.951s] [ 62%] Built target goal_linear
[0.952s] [01m[K/home/yusuf/ros2_project/src/control_systems/src/lqr_lib.cpp:1:10:[m[K [01;31m[Kfatal error: [m[Klqr_lib.hpp: No such file or directory
[0.952s]     1 | #include [01;31m[K"lqr_lib.hpp"[m[K
[0.952s]       |          [01;31m[K^~~~~~~~~~~~~[m[K
[0.952s] compilation terminated.
[0.953s] gmake[2]: *** [CMakeFiles/lqr_lib.dir/build.make:76: CMakeFiles/lqr_lib.dir/src/lqr_lib.cpp.o] Error 1
[0.953s] gmake[1]: *** [CMakeFiles/Makefile2:143: CMakeFiles/lqr_lib.dir/all] Error 2
[0.954s] gmake: *** [Makefile:146: all] Error 2
[0.957s] Invoked command in '/home/yusuf/ros2_project/build/control_systems' returned '2': CMAKE_PREFIX_PATH=/opt/ros/humble /usr/bin/cmake --build /home/yusuf/ros2_project/build/control_systems -- -j8 -l8
