[ 12%] [32mBuilding CXX object CMakeFiles/lqr_lib.dir/src/lqr_lib.cpp.o[0m
[ 50%] Built target goal_planner
[ 62%] Built target goal_linear
In file included from [01m[K/home/yusuf/ros2_project/src/control_systems/src/lqr_lib.cpp:1[m[K:
[01m[K/home/yusuf/ros2_project/src/control_systems/include/lqr_lib.hpp:24:41:[m[K [01;31m[Kerror: [m[Kexpected â€˜[01m[K,[m[Kâ€™ or â€˜[01m[K...[m[Kâ€™ before â€˜[01m[K.[m[Kâ€™ token
   24 |     StateMatrix getA(double yaw,double v[01;31m[K.[m[Kdouble dt);
      |                                         [01;31m[K^[m[K
[01m[K/home/yusuf/ros2_project/src/control_systems/include/lqr_lib.hpp:7:1:[m[K [01;31m[Kerror: [m[Knew types may not be defined in a return type
    7 | [01;31m[Kclass[m[K LQR {
      | [01;31m[K^~~~~[m[K
[01m[K/home/yusuf/ros2_project/src/control_systems/include/lqr_lib.hpp:7:1:[m[K [01;36m[Knote: [m[K(perhaps a semicolon is missing after the definition of â€˜[01m[KLQR[m[Kâ€™)
[01m[K/home/yusuf/ros2_project/src/control_systems/include/lqr_lib.hpp:7:1:[m[K [01;31m[Kerror: [m[Kreturn type specification for constructor invalid
[01m[K/home/yusuf/ros2_project/src/control_systems/src/lqr_lib.cpp:[m[K In constructor â€˜[01m[KLQR::LQR(const StateMatrix&, const InputMatrix&, int)[m[Kâ€™:
[01m[K/home/yusuf/ros2_project/src/control_systems/src/lqr_lib.cpp:10:48:[m[K [01;31m[Kerror: [m[Kexpected â€˜[01m[K;[m[Kâ€™ before â€˜[01m[K}[m[Kâ€™ token
   10 |     K_ = StateMatrix::Zero(B_.cols(),A_.rows())
      |                                                [01;31m[K^[m[K
      |                                                [32m[K;[m[K
   11 | 
   12 | [32m[K}[m[K
      | [32m[K~[m[K                                               
[01m[K/home/yusuf/ros2_project/src/control_systems/src/lqr_lib.cpp:[m[K At global scope:
[01m[K/home/yusuf/ros2_project/src/control_systems/src/lqr_lib.cpp:14:18:[m[K [01;31m[Kerror: [m[Kno declaration matches â€˜[01m[KLQR::StateMatrix LQR::getA(double, double, double)[m[Kâ€™
   14 | LQR::StateMatrix [01;31m[KLQR[m[K::getA(double yaw,double v,double dt){
      |                  [01;31m[K^~~[m[K
In file included from [01m[K/home/yusuf/ros2_project/src/control_systems/src/lqr_lib.cpp:1[m[K:
[01m[K/home/yusuf/ros2_project/src/control_systems/include/lqr_lib.hpp:24:17:[m[K [01;36m[Knote: [m[Kcandidate is: â€˜[01m[KLQR::StateMatrix LQR::getA(double, double)[m[Kâ€™
   24 |     StateMatrix [01;36m[KgetA[m[K(double yaw,double v.double dt);
      |                 [01;36m[K^~~~[m[K
[01m[K/home/yusuf/ros2_project/src/control_systems/include/lqr_lib.hpp:7:7:[m[K [01;36m[Knote: [m[Kâ€˜[01m[Kclass LQR[m[Kâ€™ defined here
    7 | class [01;36m[KLQR[m[K {
      |       [01;36m[K^~~[m[K
[01m[K/home/yusuf/ros2_project/src/control_systems/src/lqr_lib.cpp:48:6:[m[K [01;31m[Kerror: [m[Kno declaration matches â€˜[01m[Kvoid LQR::computeRicatti(const InputMatrix&, const StateMatrix&)[m[Kâ€™
   48 | void [01;31m[KLQR[m[K::computeRicatti(InputMatrix const& B,StateMatrix const& A){
      |      [01;31m[K^~~[m[K
[01m[K/home/yusuf/ros2_project/src/control_systems/src/lqr_lib.cpp:48:6:[m[K [01;36m[Knote: [m[Kno functions named â€˜[01m[Kvoid LQR::computeRicatti(const InputMatrix&, const StateMatrix&)[m[Kâ€™
In file included from [01m[K/home/yusuf/ros2_project/src/control_systems/src/lqr_lib.cpp:1[m[K:
[01m[K/home/yusuf/ros2_project/src/control_systems/include/lqr_lib.hpp:7:7:[m[K [01;36m[Knote: [m[Kâ€˜[01m[Kclass LQR[m[Kâ€™ defined here
    7 | class [01;36m[KLQR[m[K {
      |       [01;36m[K^~~[m[K
gmake[2]: *** [CMakeFiles/lqr_lib.dir/build.make:76: CMakeFiles/lqr_lib.dir/src/lqr_lib.cpp.o] Error 1
gmake[1]: *** [CMakeFiles/Makefile2:195: CMakeFiles/lqr_lib.dir/all] Error 2
gmake: *** [Makefile:146: all] Error 2
