[0.025s] Invoking command in '/home/yusuf/ros2_project/build/control_systems': CMAKE_PREFIX_PATH=/opt/ros/humble /usr/bin/cmake --build /home/yusuf/ros2_project/build/control_systems -- -j8 -l8
[0.066s] -- Found ament_cmake: 1.3.10 (/opt/ros/humble/share/ament_cmake/cmake)
[0.293s] -- Found rclcpp: 16.0.10 (/opt/ros/humble/share/rclcpp/cmake)
[0.353s] -- Found rosidl_generator_c: 3.1.5 (/opt/ros/humble/share/rosidl_generator_c/cmake)
[0.361s] -- Found rosidl_adapter: 3.1.5 (/opt/ros/humble/share/rosidl_adapter/cmake)
[0.375s] -- Found rosidl_generator_cpp: 3.1.5 (/opt/ros/humble/share/rosidl_generator_cpp/cmake)
[0.393s] -- Using all available rosidl_typesupport_c: rosidl_typesupport_fastrtps_c;rosidl_typesupport_introspection_c
[0.418s] -- Using all available rosidl_typesupport_cpp: rosidl_typesupport_fastrtps_cpp;rosidl_typesupport_introspection_cpp
[0.461s] -- Found rmw_implementation_cmake: 6.1.2 (/opt/ros/humble/share/rmw_implementation_cmake/cmake)
[0.463s] -- Found rmw_fastrtps_cpp: 6.2.7 (/opt/ros/humble/share/rmw_fastrtps_cpp/cmake)
[0.584s] -- Using RMW implementation 'rmw_fastrtps_cpp' as default
[0.640s] -- Found geometry_msgs: 4.2.4 (/opt/ros/humble/share/geometry_msgs/cmake)
[0.654s] -- Found nav_msgs: 4.2.4 (/opt/ros/humble/share/nav_msgs/cmake)
[0.675s] -- Found tf2_ros: 0.25.7 (/opt/ros/humble/share/tf2_ros/cmake)
[0.768s] -- Found angles: 1.15.0 (/opt/ros/humble/share/angles/cmake)
[0.842s] -- Configuring done
[0.868s] -- Generating done
[0.871s] -- Build files have been written to: /home/yusuf/ros2_project/build/control_systems
[0.906s] [35m[1mConsolidate compiler generated dependencies of target goal_planner[0m
[0.907s] [35m[1mConsolidate compiler generated dependencies of target goal_linear[0m
[0.919s] [ 12%] [32mBuilding CXX object CMakeFiles/lqr_lib.dir/src/lqr_lib.cpp.o[0m
[0.931s] [01m[K/home/yusuf/ros2_project/src/control_systems/src/lqr_lib.cpp:1:10:[m[K [01;31m[Kfatal error: [m[Klqr_lib.hpp: No such file or directory
[0.931s]     1 | #include [01;31m[K"lqr_lib.hpp"[m[K
[0.931s]       |          [01;31m[K^~~~~~~~~~~~~[m[K
[0.931s] compilation terminated.
[0.932s] [ 25%] [32mBuilding CXX object CMakeFiles/goal_planner.dir/src/goal_planner.cpp.o[0m
[0.932s] gmake[2]: *** [CMakeFiles/lqr_lib.dir/build.make:76: CMakeFiles/lqr_lib.dir/src/lqr_lib.cpp.o] Error 1
[0.932s] gmake[1]: *** [CMakeFiles/Makefile2:143: CMakeFiles/lqr_lib.dir/all] Error 2
[0.932s] gmake[1]: *** Waiting for unfinished jobs....
[0.934s] [ 37%] [32mBuilding CXX object CMakeFiles/goal_linear.dir/src/goal_linear.cpp.o[0m
[11.338s] [ 50%] [32m[1mLinking CXX executable goal_planner[0m
[11.436s] [ 62%] [32m[1mLinking CXX executable goal_linear[0m
[12.021s] [ 62%] Built target goal_linear
[12.021s] [ 62%] Built target goal_planner
[12.022s] gmake: *** [Makefile:146: all] Error 2
[12.026s] Invoked command in '/home/yusuf/ros2_project/build/control_systems' returned '2': CMAKE_PREFIX_PATH=/opt/ros/humble /usr/bin/cmake --build /home/yusuf/ros2_project/build/control_systems -- -j8 -l8
